INFO: [VRFC 10-2263] Analyzing Verilog file "C:/Users/demon/INTERNSHIP/src_sim_vivado/AXI_UART_/AXI_UART_.srcs/sources_1/imports/new/AR_FIFO.v" into library xil_defaultlib
INFO: [VRFC 10-311] analyzing module AR_FIFO
INFO: [VRFC 10-2263] Analyzing Verilog file "C:/Users/demon/INTERNSHIP/src_sim_vivado/AXI_UART_/AXI_UART_.srcs/sources_1/imports/new/AW_FIFO.v" into library xil_defaultlib
INFO: [VRFC 10-311] analyzing module AW_FIFO
INFO: [VRFC 10-2263] Analyzing Verilog file "C:/Users/demon/INTERNSHIP/src_sim_vivado/AXI_UART_/AXI_UART_.srcs/sources_1/imports/new/AXI_MASTER.v" into library xil_defaultlib
INFO: [VRFC 10-311] analyzing module AXI_MASTER
INFO: [VRFC 10-2263] Analyzing Verilog file "C:/Users/demon/INTERNSHIP/src_sim_vivado/AXI_UART_/AXI_UART_.srcs/sources_1/imports/new/AXI_MASTER_WRAPPER.v" into library xil_defaultlib
INFO: [VRFC 10-311] analyzing module AXI_TOP_WRAPPER
INFO: [VRFC 10-2458] undeclared symbol awfull, assumed default net type wire [C:/Users/demon/INTERNSHIP/src_sim_vivado/AXI_UART_/AXI_UART_.srcs/sources_1/imports/new/AXI_MASTER_WRAPPER.v:246]
INFO: [VRFC 10-2458] undeclared symbol awempty, assumed default net type wire [C:/Users/demon/INTERNSHIP/src_sim_vivado/AXI_UART_/AXI_UART_.srcs/sources_1/imports/new/AXI_MASTER_WRAPPER.v:247]
INFO: [VRFC 10-2458] undeclared symbol addr_read, assumed default net type wire [C:/Users/demon/INTERNSHIP/src_sim_vivado/AXI_UART_/AXI_UART_.srcs/sources_1/imports/new/AXI_MASTER_WRAPPER.v:250]
INFO: [VRFC 10-2458] undeclared symbol addr_read_ready, assumed default net type wire [C:/Users/demon/INTERNSHIP/src_sim_vivado/AXI_UART_/AXI_UART_.srcs/sources_1/imports/new/AXI_MASTER_WRAPPER.v:252]
INFO: [VRFC 10-2458] undeclared symbol read_wdata, assumed default net type wire [C:/Users/demon/INTERNSHIP/src_sim_vivado/AXI_UART_/AXI_UART_.srcs/sources_1/imports/new/AXI_MASTER_WRAPPER.v:260]
INFO: [VRFC 10-2458] undeclared symbol out_wdata_ready, assumed default net type wire [C:/Users/demon/INTERNSHIP/src_sim_vivado/AXI_UART_/AXI_UART_.srcs/sources_1/imports/new/AXI_MASTER_WRAPPER.v:261]
INFO: [VRFC 10-2458] undeclared symbol w_full, assumed default net type wire [C:/Users/demon/INTERNSHIP/src_sim_vivado/AXI_UART_/AXI_UART_.srcs/sources_1/imports/new/AXI_MASTER_WRAPPER.v:262]
INFO: [VRFC 10-2458] undeclared symbol w_empty, assumed default net type wire [C:/Users/demon/INTERNSHIP/src_sim_vivado/AXI_UART_/AXI_UART_.srcs/sources_1/imports/new/AXI_MASTER_WRAPPER.v:263]
INFO: [VRFC 10-2458] undeclared symbol ar_addr_read, assumed default net type wire [C:/Users/demon/INTERNSHIP/src_sim_vivado/AXI_UART_/AXI_UART_.srcs/sources_1/imports/new/AXI_MASTER_WRAPPER.v:291]
INFO: [VRFC 10-2458] undeclared symbol wr_r_fifo_en, assumed default net type wire [C:/Users/demon/INTERNSHIP/src_sim_vivado/AXI_UART_/AXI_UART_.srcs/sources_1/imports/new/AXI_MASTER_WRAPPER.v:388]
INFO: [VRFC 10-2458] undeclared symbol rx_data_valid, assumed default net type wire [C:/Users/demon/INTERNSHIP/src_sim_vivado/AXI_UART_/AXI_UART_.srcs/sources_1/imports/new/AXI_MASTER_WRAPPER.v:395]
INFO: [VRFC 10-2458] undeclared symbol rx_en, assumed default net type wire [C:/Users/demon/INTERNSHIP/src_sim_vivado/AXI_UART_/AXI_UART_.srcs/sources_1/imports/new/AXI_MASTER_WRAPPER.v:397]
INFO: [VRFC 10-2263] Analyzing Verilog file "C:/Users/demon/INTERNSHIP/src_sim_vivado/AXI_UART_/AXI_UART_.srcs/sources_1/imports/new/BAUD_GENRATOR.v" into library xil_defaultlib
INFO: [VRFC 10-311] analyzing module BAUD_GENRATOR
INFO: [VRFC 10-2263] Analyzing Verilog file "C:/Users/demon/INTERNSHIP/src_sim_vivado/AXI_UART_/AXI_UART_.srcs/sources_1/imports/new/FIFO.v" into library xil_defaultlib
INFO: [VRFC 10-311] analyzing module FIFO
WARNING: [VRFC 10-2096] empty statement in sequential block [C:/Users/demon/INTERNSHIP/src_sim_vivado/AXI_UART_/AXI_UART_.srcs/sources_1/imports/new/FIFO.v:81]
INFO: [VRFC 10-2263] Analyzing Verilog file "C:/Users/demon/INTERNSHIP/src_sim_vivado/AXI_UART_/AXI_UART_.srcs/sources_1/imports/new/READ_BUFFER.v" into library xil_defaultlib
INFO: [VRFC 10-311] analyzing module READ_BUFFER
INFO: [VRFC 10-2263] Analyzing Verilog file "C:/Users/demon/INTERNSHIP/src_sim_vivado/AXI_UART_/AXI_UART_.srcs/sources_1/imports/new/READ_BUFFER_CONTROLLER.v" into library xil_defaultlib
INFO: [VRFC 10-311] analyzing module READ_BUFFER_CONTROLLER
INFO: [VRFC 10-2263] Analyzing Verilog file "C:/Users/demon/INTERNSHIP/src_sim_vivado/AXI_UART_/AXI_UART_.srcs/sources_1/imports/new/TIMER.v" into library xil_defaultlib
INFO: [VRFC 10-311] analyzing module TIMER
INFO: [VRFC 10-2263] Analyzing Verilog file "C:/Users/demon/INTERNSHIP/src_sim_vivado/AXI_UART_/AXI_UART_.srcs/sources_1/imports/new/UART_CONTROLLER.v" into library xil_defaultlib
INFO: [VRFC 10-311] analyzing module UART_CONTROLLER
INFO: [VRFC 10-2458] undeclared symbol rx_wr_en, assumed default net type wire [C:/Users/demon/INTERNSHIP/src_sim_vivado/AXI_UART_/AXI_UART_.srcs/sources_1/imports/new/UART_CONTROLLER.v:131]
INFO: [VRFC 10-2458] undeclared symbol rx_rd_en, assumed default net type wire [C:/Users/demon/INTERNSHIP/src_sim_vivado/AXI_UART_/AXI_UART_.srcs/sources_1/imports/new/UART_CONTROLLER.v:134]
INFO: [VRFC 10-2263] Analyzing Verilog file "C:/Users/demon/INTERNSHIP/src_sim_vivado/AXI_UART_/AXI_UART_.srcs/sources_1/imports/new/UART_FIFO.v" into library xil_defaultlib
INFO: [VRFC 10-311] analyzing module UART_FIFO
INFO: [VRFC 10-2263] Analyzing Verilog file "C:/Users/demon/INTERNSHIP/src_sim_vivado/AXI_UART_/AXI_UART_.srcs/sources_1/imports/new/WRITE_BUFFER_CONTROLLER.v" into library xil_defaultlib
INFO: [VRFC 10-311] analyzing module WRITE_BUFFER_CONTROLLER
INFO: [VRFC 10-2263] Analyzing Verilog file "C:/Users/demon/INTERNSHIP/src_sim_vivado/AXI_UART_/AXI_UART_.srcs/sources_1/imports/new/WRITE_CONTROLLER.v" into library xil_defaultlib
INFO: [VRFC 10-311] analyzing module WRITE_BUFFER
INFO: [VRFC 10-2263] Analyzing Verilog file "C:/Users/demon/INTERNSHIP/src_sim_vivado/AXI_UART_/AXI_UART_.srcs/sources_1/imports/new/W_FIFO.v" into library xil_defaultlib
INFO: [VRFC 10-311] analyzing module W_FIFO
INFO: [VRFC 10-2263] Analyzing Verilog file "C:/Users/demon/INTERNSHIP/src_sim_vivado/AXI_UART_/AXI_UART_.srcs/sim_1/imports/new/AXI_TOP_TEST.v" into library xil_defaultlib
INFO: [VRFC 10-311] analyzing module AXI_TOP_TEST
INFO: [VRFC 10-2458] undeclared symbol rlast, assumed default net type wire [C:/Users/demon/INTERNSHIP/src_sim_vivado/AXI_UART_/AXI_UART_.srcs/sim_1/imports/new/AXI_TOP_TEST.v:98]
WARNING: [VRFC 10-3380] identifier 'count' is used before its declaration [C:/Users/demon/INTERNSHIP/src_sim_vivado/AXI_UART_/AXI_UART_.srcs/sim_1/imports/new/AXI_TOP_TEST.v:152]
WARNING: [VRFC 10-3380] identifier 'mem' is used before its declaration [C:/Users/demon/INTERNSHIP/src_sim_vivado/AXI_UART_/AXI_UART_.srcs/sim_1/imports/new/AXI_TOP_TEST.v:207]
